2023-05-29T20:48:36.631+0900 INFO Current Role Id : 1
2023-05-29T20:48:36.670+0900 INFO Current Role Name : ROLE_ADMIN
2023-05-29T20:48:36.959+0900 INFO Method: PUT --- Path: /api/v1/posts/1 --- Header: java.util.Collections$3@29d7d117 --- Request Body: {"id":0,"title":"UpdatedPostTitle1","description":"UpdatedPostDescription1","content":"UpdatedPostContent1","comments":null,"categoryId":1}
2023-05-29T20:48:37.312+0900 INFO Method: PUT --- Path: /api/v1/posts/1 --- Header: java.util.Collections$3@4a05902b --- Request Body: {"id":0,"title":"UpdatedPostTitle1","description":"UpdatedPostDescription1","content":"UpdatedPostContent1","comments":null,"categoryId":1}
2023-05-29T20:48:37.620+0900 INFO Current Role Id : 2
2023-05-29T20:48:37.620+0900 INFO Current Role Name : ROLE_USER
2023-05-29T20:48:37.809+0900 INFO Method: POST --- Path: /api/v1/posts --- Header: java.util.Collections$3@32be264e --- Request Body: {"id":0,"title":"PostTitle1","description":"PostDescription1","content":"PostContent1","comments":null,"categoryId":1}
2023-05-29T20:48:38.216+0900 INFO Current Role Id : 1
2023-05-29T20:48:38.216+0900 INFO Current Role Name : ROLE_ADMIN
2023-05-29T20:48:38.580+0900 INFO Method: PUT --- Path: /api/v1/posts/1 --- Header: java.util.Collections$3@2e5c842a --- Request Body: {"id":0,"title":"UpdatedPostTitle1","description":"UpdatedPostDescription1","content":"UpdatedPostContent1","comments":null,"categoryId":2}
2023-05-29T20:48:39.320+0900 INFO Current Role Id : 1
2023-05-29T20:48:39.321+0900 INFO Current Role Name : ROLE_ADMIN
2023-05-29T20:48:39.611+0900 INFO Method: POST --- Path: /api/v1/posts --- Header: java.util.Collections$3@1cf89848 --- Request Body: {"id":0,"title":"PostTitle1","description":"PostDescription1","content":"","comments":null,"categoryId":1}
2023-05-29T20:48:40.176+0900 INFO Current Role Id : 1
2023-05-29T20:48:40.176+0900 INFO Current Role Name : ROLE_ADMIN
2023-05-29T20:48:40.672+0900 INFO Method: POST --- Path: /api/v1/posts --- Header: java.util.Collections$3@5c96d290 --- Request Body: {"id":0,"title":"","description":"PostDescription1","content":"PostContent1","comments":null,"categoryId":1}
2023-05-29T20:48:41.350+0900 INFO Current Role Id : 1
2023-05-29T20:48:41.351+0900 INFO Current Role Name : ROLE_ADMIN
2023-05-29T20:48:41.602+0900 INFO Method: GET --- Path: /api/posts/2 --- Header: java.util.Collections$3@245c8ea5
2023-05-29T20:48:42.554+0900 INFO Current Role Id : 1
2023-05-29T20:48:42.555+0900 INFO Current Role Name : ROLE_ADMIN
2023-05-29T20:48:42.733+0900 INFO Method: POST --- Path: /api/v1/posts --- Header: java.util.Collections$3@1613d1c --- Request Body: {"id":0,"title":"PostTitle1","description":"D","content":"PostContent1","comments":null,"categoryId":1}
