2023-05-01T18:04:19.848+0900 INFO Method: POST --- Path: /api/v1/auth/login --- Header: org.springframework.security.web.firewall.StrictHttpFirewall$StrictFirewalledRequest$2@383e603d --- Request Body: {"usernameOrEmail":"admin@gmail.com","password":"admin124"}
2023-05-01T18:05:15.714+0900 INFO Starting SpringbootBlogRestApiApplication using Java 17.0.6 with PID 11736 (C:\DEV\TUT\springboot-blog-rest-api\target\classes started by ts-mahmudul.b.hasan in C:\DEV\TUT\springboot-blog-rest-api)
2023-05-01T18:05:15.720+0900 INFO The following 1 profile is active: "dev"
2023-05-01T18:05:28.954+0900 INFO Started SpringbootBlogRestApiApplication in 13.721 seconds (process running for 15.698)
2023-05-01T18:33:34.807+0900 INFO Starting SpringbootBlogRestApiApplication using Java 17.0.6 with PID 9776 (C:\DEV\TUT\springboot-blog-rest-api\target\classes started by ts-mahmudul.b.hasan in C:\DEV\TUT\springboot-blog-rest-api)
2023-05-01T18:33:34.811+0900 INFO The following 1 profile is active: "dev"
2023-05-01T18:33:42.464+0900 INFO Started SpringbootBlogRestApiApplication in 8.09 seconds (process running for 9.206)
2023-05-01T18:36:16.095+0900 INFO Starting SpringbootBlogRestApiApplication using Java 17.0.6 with PID 1840 (C:\DEV\TUT\springboot-blog-rest-api\target\classes started by ts-mahmudul.b.hasan in C:\DEV\TUT\springboot-blog-rest-api)
2023-05-01T18:36:16.101+0900 INFO The following 1 profile is active: "dev"
2023-05-01T18:36:24.780+0900 INFO Started SpringbootBlogRestApiApplication in 9.152 seconds (process running for 10.295)
2023-05-01T18:36:36.714+0900 INFO Method: GET --- Path: /api/v1/posts --- Header: org.springframework.security.web.firewall.StrictHttpFirewall$StrictFirewalledRequest$2@5fc1aa20
2023-05-08T19:31:41.437+0900 INFO Starting PostRepositoryTests using Java 17.0.6 with PID 28348 (started by ts-mahmudul.b.hasan in C:\DEV\TUT\springboot-blog-rest-api)
2023-05-08T19:31:41.443+0900 INFO The following 1 profile is active: "dev"
2023-05-08T19:31:46.667+0900 INFO Started PostRepositoryTests in 5.714 seconds (process running for 7.572)
2023-05-08T19:33:32.781+0900 INFO Starting PostRepositoryTests using Java 17.0.6 with PID 30552 (started by ts-mahmudul.b.hasan in C:\DEV\TUT\springboot-blog-rest-api)
2023-05-08T19:33:32.789+0900 INFO The following 1 profile is active: "dev"
2023-05-08T19:33:37.706+0900 INFO Started PostRepositoryTests in 5.517 seconds (process running for 7.696)
2023-05-08T19:34:14.498+0900 INFO Starting PostRepositoryTests using Java 17.0.6 with PID 23768 (started by ts-mahmudul.b.hasan in C:\DEV\TUT\springboot-blog-rest-api)
2023-05-08T19:34:14.504+0900 INFO The following 1 profile is active: "dev"
2023-05-08T19:34:19.633+0900 INFO Started PostRepositoryTests in 5.591 seconds (process running for 7.653)
2023-05-08T19:35:11.591+0900 INFO Starting PostRepositoryTests using Java 17.0.6 with PID 2068 (started by ts-mahmudul.b.hasan in C:\DEV\TUT\springboot-blog-rest-api)
2023-05-08T19:35:11.599+0900 INFO The following 1 profile is active: "dev"
2023-05-08T19:35:15.646+0900 INFO Started PostRepositoryTests in 4.429 seconds (process running for 6.096)
2023-05-09T04:33:42.081+0900 INFO Starting PostRepositoryTests using Java 17.0.6 with PID 16404 (started by ts-mahmudul.b.hasan in C:\DEV\TUT\springboot-blog-rest-api)
2023-05-09T04:33:42.085+0900 INFO The following 1 profile is active: "test"
2023-05-09T04:33:46.143+0900 INFO Started PostRepositoryTests in 4.438 seconds (process running for 6.058)
2023-05-09T04:40:02.281+0900 INFO Starting PostRepositoryTests using Java 17.0.6 with PID 23964 (started by ts-mahmudul.b.hasan in C:\DEV\TUT\springboot-blog-rest-api)
2023-05-09T04:40:02.284+0900 INFO The following 1 profile is active: "test"
2023-05-09T04:40:06.256+0900 INFO Started PostRepositoryTests in 4.426 seconds (process running for 6.148)
2023-05-09T04:42:57.152+0900 INFO Starting SpringbootBlogRestApiApplicationTests using Java 17.0.6 with PID 29816 (started by ts-mahmudul.b.hasan in C:\DEV\TUT\springboot-blog-rest-api)
2023-05-09T04:42:57.156+0900 INFO The following 1 profile is active: "test"
2023-05-09T04:43:05.357+0900 INFO Started SpringbootBlogRestApiApplicationTests in 8.549 seconds (process running for 10.427)
2023-05-09T04:44:02.292+0900 INFO Starting PostRepositoryTests using Java 17.0.6 with PID 25996 (started by ts-mahmudul.b.hasan in C:\DEV\TUT\springboot-blog-rest-api)
2023-05-09T04:44:02.297+0900 INFO The following 1 profile is active: "test"
2023-05-09T04:44:06.165+0900 INFO Started PostRepositoryTests in 4.328 seconds (process running for 6.073)
2023-05-09T05:16:39.760+0900 INFO Starting PostRepositoryTests using Java 17.0.6 with PID 24180 (started by ts-mahmudul.b.hasan in C:\DEV\TUT\springboot-blog-rest-api)
2023-05-09T05:16:39.765+0900 INFO The following 1 profile is active: "test"
2023-05-09T05:16:43.887+0900 INFO Started PostRepositoryTests in 4.549 seconds (process running for 6.29)
2023-05-09T05:19:31.524+0900 INFO Starting SpringbootBlogRestApiApplication using Java 17.0.6 with PID 14356 (C:\DEV\TUT\springboot-blog-rest-api\target\classes started by ts-mahmudul.b.hasan in C:\DEV\TUT\springboot-blog-rest-api)
2023-05-09T05:19:31.528+0900 INFO The following 1 profile is active: "test"
2023-05-09T05:19:55.203+0900 INFO Starting SpringbootBlogRestApiApplication using Java 17.0.6 with PID 25280 (C:\DEV\TUT\springboot-blog-rest-api\target\classes started by ts-mahmudul.b.hasan in C:\DEV\TUT\springboot-blog-rest-api)
2023-05-09T05:19:55.206+0900 INFO The following 1 profile is active: "dev"
2023-05-09T05:20:03.662+0900 INFO Started SpringbootBlogRestApiApplication in 8.914 seconds (process running for 10.203)
2023-05-09T05:21:03.681+0900 INFO Starting PostRepositoryTests using Java 17.0.6 with PID 13392 (started by ts-mahmudul.b.hasan in C:\DEV\TUT\springboot-blog-rest-api)
2023-05-09T05:21:03.686+0900 INFO The following 1 profile is active: "test"
2023-05-09T05:21:07.875+0900 INFO Started PostRepositoryTests in 4.622 seconds (process running for 6.602)
2023-05-09T05:31:51.860+0900 INFO Starting PostRepositoryTests using Java 17.0.6 with PID 2584 (started by ts-mahmudul.b.hasan in C:\DEV\TUT\springboot-blog-rest-api)
2023-05-09T05:31:51.866+0900 INFO The following 1 profile is active: "test"
2023-05-09T05:31:56.485+0900 INFO Started PostRepositoryTests in 5.121 seconds (process running for 7.218)
2023-05-09T05:34:41.045+0900 INFO Starting PostRepositoryTests using Java 17.0.6 with PID 18736 (started by ts-mahmudul.b.hasan in C:\DEV\TUT\springboot-blog-rest-api)
2023-05-09T05:34:41.050+0900 INFO The following 1 profile is active: "test"
2023-05-09T05:34:44.783+0900 INFO Started PostRepositoryTests in 4.206 seconds (process running for 5.999)
2023-05-09T06:39:26.772+0900 INFO Starting PostRepositoryTests using Java 17.0.6 with PID 25164 (started by ts-mahmudul.b.hasan in C:\DEV\TUT\springboot-blog-rest-api)
2023-05-09T06:39:26.777+0900 INFO The following 1 profile is active: "test"
2023-05-09T06:39:30.677+0900 INFO Started PostRepositoryTests in 4.36 seconds (process running for 6.133)
2023-05-09T06:50:55.490+0900 INFO Starting PostRepositoryTests using Java 17.0.6 with PID 18672 (started by ts-mahmudul.b.hasan in C:\DEV\TUT\springboot-blog-rest-api)
2023-05-09T06:50:55.496+0900 INFO The following 1 profile is active: "test"
2023-05-09T06:50:59.640+0900 INFO Started PostRepositoryTests in 4.6 seconds (process running for 6.319)
2023-05-09T09:57:33.805+0900 INFO Starting PostRepositoryTests using Java 17.0.6 with PID 27416 (started by ts-mahmudul.b.hasan in C:\DEV\TUT\springboot-blog-rest-api)
2023-05-09T09:57:33.810+0900 INFO The following 1 profile is active: "test"
2023-05-09T10:00:02.129+0900 INFO Starting PostRepositoryTests using Java 17.0.6 with PID 26736 (started by ts-mahmudul.b.hasan in C:\DEV\TUT\springboot-blog-rest-api)
2023-05-09T10:00:02.135+0900 INFO The following 1 profile is active: "test"
2023-05-09T10:00:07.148+0900 INFO Started PostRepositoryTests in 5.48 seconds (process running for 7.529)
2023-05-09T10:00:37.919+0900 INFO Starting PostRepositoryTests using Java 17.0.6 with PID 29640 (started by ts-mahmudul.b.hasan in C:\DEV\TUT\springboot-blog-rest-api)
2023-05-09T10:00:37.925+0900 INFO The following 1 profile is active: "test"
2023-05-09T10:00:42.103+0900 INFO Started PostRepositoryTests in 4.64 seconds (process running for 6.506)
2023-05-09T10:03:39.655+0900 INFO Starting PostRepositoryTests using Java 17.0.6 with PID 13516 (started by ts-mahmudul.b.hasan in C:\DEV\TUT\springboot-blog-rest-api)
2023-05-09T10:03:39.669+0900 INFO The following 1 profile is active: "test"
2023-05-09T10:03:46.538+0900 INFO Started PostRepositoryTests in 7.813 seconds (process running for 10.373)
2023-05-09T10:06:58.184+0900 INFO Starting PostRepositoryTests using Java 17.0.6 with PID 7996 (started by ts-mahmudul.b.hasan in C:\DEV\TUT\springboot-blog-rest-api)
2023-05-09T10:06:58.191+0900 INFO The following 1 profile is active: "test"
2023-05-09T10:07:03.358+0900 INFO Started PostRepositoryTests in 5.674 seconds (process running for 7.819)
2023-05-09T10:08:18.754+0900 INFO Starting PostRepositoryTests using Java 17.0.6 with PID 29924 (started by ts-mahmudul.b.hasan in C:\DEV\TUT\springboot-blog-rest-api)
2023-05-09T10:08:18.763+0900 INFO The following 1 profile is active: "test"
2023-05-09T10:08:24.932+0900 INFO Started PostRepositoryTests in 6.782 seconds (process running for 9.412)
2023-05-09T10:11:27.773+0900 INFO Starting PostRepositoryTests using Java 17.0.6 with PID 26692 (started by ts-mahmudul.b.hasan in C:\DEV\TUT\springboot-blog-rest-api)
2023-05-09T10:11:27.780+0900 INFO The following 1 profile is active: "test"
2023-05-09T10:11:32.730+0900 INFO Started PostRepositoryTests in 5.458 seconds (process running for 7.563)
2023-05-09T10:13:17.794+0900 INFO Starting PostRepositoryTests using Java 17.0.6 with PID 29668 (started by ts-mahmudul.b.hasan in C:\DEV\TUT\springboot-blog-rest-api)
2023-05-09T10:13:17.801+0900 INFO The following 1 profile is active: "test"
2023-05-09T10:13:21.719+0900 INFO Started PostRepositoryTests in 4.351 seconds (process running for 6.063)
2023-05-09T10:28:21.356+0900 INFO Starting PostRepositoryTests using Java 17.0.6 with PID 13384 (started by ts-mahmudul.b.hasan in C:\DEV\TUT\springboot-blog-rest-api)
