2023-05-09T13:33:40.673+0900 INFO Starting PostRepositoryTests using Java 17.0.6 with PID 17000 (started by ts-mahmudul.b.hasan in C:\DEV\TUT\springboot-blog-rest-api)
2023-05-09T13:33:40.678+0900 INFO The following 1 profile is active: "test"
2023-05-09T13:33:44.479+0900 INFO Started PostRepositoryTests in 4.231 seconds (process running for 5.901)
2023-05-09T13:50:29.656+0900 INFO Starting PostRepositoryTests using Java 17.0.6 with PID 7468 (started by ts-mahmudul.b.hasan in C:\DEV\TUT\springboot-blog-rest-api)
2023-05-09T13:50:29.663+0900 INFO The following 1 profile is active: "test"
2023-05-09T13:50:33.584+0900 INFO Started PostRepositoryTests in 4.357 seconds (process running for 6.059)
2023-05-09T13:50:50.800+0900 INFO Starting PostRepositoryTests using Java 17.0.6 with PID 8600 (started by ts-mahmudul.b.hasan in C:\DEV\TUT\springboot-blog-rest-api)
2023-05-09T13:50:50.807+0900 INFO The following 1 profile is active: "test"
2023-05-09T13:50:54.892+0900 INFO Started PostRepositoryTests in 4.535 seconds (process running for 6.301)
2023-05-09T13:51:29.665+0900 INFO Starting PostRepositoryTests using Java 17.0.6 with PID 17848 (started by ts-mahmudul.b.hasan in C:\DEV\TUT\springboot-blog-rest-api)
2023-05-09T13:51:29.669+0900 INFO The following 1 profile is active: "test"
2023-05-09T13:51:33.638+0900 INFO Started PostRepositoryTests in 4.37 seconds (process running for 6.117)
2023-05-09T17:08:40.133+0900 INFO Starting PostRepositoryTests using Java 17.0.6 with PID 26524 (started by ts-mahmudul.b.hasan in C:\DEV\TUT\springboot-blog-rest-api)
2023-05-09T17:08:40.140+0900 INFO The following 1 profile is active: "test"
2023-05-09T17:08:44.271+0900 INFO Started PostRepositoryTests in 4.557 seconds (process running for 6.51)
2023-05-09T17:36:13.974+0900 INFO Starting PostRepositoryTests using Java 17.0.6 with PID 6556 (started by ts-mahmudul.b.hasan in C:\DEV\TUT\springboot-blog-rest-api)
2023-05-09T17:36:13.980+0900 INFO The following 1 profile is active: "test"
2023-05-09T17:36:18.047+0900 INFO Started PostRepositoryTests in 4.508 seconds (process running for 6.18)
2023-05-09T17:36:31.854+0900 INFO Starting PostRepositoryTests using Java 17.0.6 with PID 20784 (started by ts-mahmudul.b.hasan in C:\DEV\TUT\springboot-blog-rest-api)
2023-05-09T17:36:31.866+0900 INFO The following 1 profile is active: "test"
2023-05-09T17:36:38.240+0900 INFO Started PostRepositoryTests in 7.514 seconds (process running for 10.283)
2023-05-09T17:59:18.539+0900 INFO Starting PostRepositoryTests using Java 17.0.6 with PID 26168 (started by ts-mahmudul.b.hasan in C:\DEV\TUT\springboot-blog-rest-api)
2023-05-09T17:59:18.544+0900 INFO The following 1 profile is active: "test"
2023-05-09T17:59:22.280+0900 INFO Started PostRepositoryTests in 4.168 seconds (process running for 6.032)
2023-05-09T18:02:04.228+0900 INFO Starting PostRepositoryTests using Java 17.0.6 with PID 23064 (started by ts-mahmudul.b.hasan in C:\DEV\TUT\springboot-blog-rest-api)
2023-05-09T18:02:04.235+0900 INFO The following 1 profile is active: "test"
2023-05-09T18:02:07.840+0900 INFO Started PostRepositoryTests in 4.041 seconds (process running for 5.736)
2023-05-09T18:03:11.401+0900 INFO Starting PostRepositoryTests using Java 17.0.6 with PID 12872 (started by ts-mahmudul.b.hasan in C:\DEV\TUT\springboot-blog-rest-api)
2023-05-09T18:03:11.406+0900 INFO The following 1 profile is active: "test"
2023-05-09T18:03:15.427+0900 INFO Started PostRepositoryTests in 4.455 seconds (process running for 6.279)
2023-05-09T18:07:36.402+0900 INFO Starting PostRepositoryTests using Java 17.0.6 with PID 14752 (started by ts-mahmudul.b.hasan in C:\DEV\TUT\springboot-blog-rest-api)
2023-05-09T18:07:36.415+0900 INFO The following 1 profile is active: "test"
2023-05-09T18:07:40.490+0900 INFO Started PostRepositoryTests in 4.515 seconds (process running for 6.492)
2023-05-09T18:07:41.086+0900 INFO 1*******************************PostTitle1*******************************
2023-05-09T18:07:41.099+0900 INFO 2*******************************UpdatedPostTitle*******************************
2023-05-09T18:10:05.932+0900 INFO Starting PostRepositoryTests using Java 17.0.6 with PID 6676 (started by ts-mahmudul.b.hasan in C:\DEV\TUT\springboot-blog-rest-api)
2023-05-09T18:10:05.937+0900 INFO The following 1 profile is active: "test"
2023-05-09T18:10:09.452+0900 INFO Started PostRepositoryTests in 3.878 seconds (process running for 5.549)
2023-05-09T18:10:09.874+0900 INFO 1*******************************PostTitle1*******************************
2023-05-09T18:10:09.888+0900 INFO 2*******************************UpdatedPostTitle*******************************
2023-05-09T18:13:18.943+0900 INFO Starting PostRepositoryTests using Java 17.0.6 with PID 3492 (started by ts-mahmudul.b.hasan in C:\DEV\TUT\springboot-blog-rest-api)
2023-05-09T18:13:18.947+0900 INFO The following 1 profile is active: "test"
2023-05-09T18:13:22.596+0900 INFO Started PostRepositoryTests in 4.033 seconds (process running for 5.932)
2023-05-09T18:13:22.972+0900 INFO 1*******************************PostTitle1*******************************
2023-05-09T18:13:22.982+0900 INFO 2*******************************UpdatedPostTitle*******************************
2023-05-09T18:15:09.544+0900 INFO Starting PostRepositoryTests using Java 17.0.6 with PID 13588 (started by ts-mahmudul.b.hasan in C:\DEV\TUT\springboot-blog-rest-api)
2023-05-09T18:15:09.550+0900 INFO The following 1 profile is active: "test"
2023-05-09T18:15:13.708+0900 INFO Started PostRepositoryTests in 4.558 seconds (process running for 6.453)
2023-05-09T18:22:09.147+0900 INFO Starting PostRepositoryTests using Java 17.0.6 with PID 27612 (started by ts-mahmudul.b.hasan in C:\DEV\TUT\springboot-blog-rest-api)
2023-05-09T18:22:09.152+0900 INFO The following 1 profile is active: "test"
2023-05-09T18:22:12.986+0900 INFO Started PostRepositoryTests in 4.239 seconds (process running for 6.168)
2023-05-09T18:25:43.976+0900 INFO Starting PostRepositoryTests using Java 17.0.6 with PID 26148 (started by ts-mahmudul.b.hasan in C:\DEV\TUT\springboot-blog-rest-api)
2023-05-09T18:25:43.983+0900 INFO The following 1 profile is active: "test"
2023-05-09T18:25:50.297+0900 INFO Started PostRepositoryTests in 6.927 seconds (process running for 9.861)
2023-05-09T18:41:49.744+0900 INFO Starting PostRepositoryTests using Java 17.0.6 with PID 29960 (started by ts-mahmudul.b.hasan in C:\DEV\TUT\springboot-blog-rest-api)
2023-05-09T18:41:49.749+0900 INFO The following 1 profile is active: "test"
2023-05-09T18:41:53.074+0900 INFO Started PostRepositoryTests in 3.699 seconds (process running for 5.286)
2023-05-09T18:42:12.157+0900 INFO Starting PostRepositoryTests using Java 17.0.6 with PID 2804 (started by ts-mahmudul.b.hasan in C:\DEV\TUT\springboot-blog-rest-api)
2023-05-09T18:42:12.162+0900 INFO The following 1 profile is active: "test"
2023-05-09T18:42:16.270+0900 INFO Started PostRepositoryTests in 4.549 seconds (process running for 6.283)
2023-05-09T20:08:17.125+0900 INFO Starting PostRepositoryTests using Java 17.0.6 with PID 23112 (started by ts-mahmudul.b.hasan in C:\DEV\TUT\springboot-blog-rest-api)
2023-05-09T20:08:17.132+0900 INFO The following 1 profile is active: "test"
2023-05-09T20:08:20.847+0900 INFO Started PostRepositoryTests in 4.245 seconds (process running for 6.021)
2023-05-09T20:09:08.844+0900 INFO Starting PostRepositoryTests using Java 17.0.6 with PID 30096 (started by ts-mahmudul.b.hasan in C:\DEV\TUT\springboot-blog-rest-api)
2023-05-09T20:09:08.851+0900 INFO The following 1 profile is active: "test"
2023-05-09T20:09:12.471+0900 INFO Started PostRepositoryTests in 4.029 seconds (process running for 5.735)
2023-05-09T20:10:28.847+0900 INFO Starting PostRepositoryTests using Java 17.0.6 with PID 10000 (started by ts-mahmudul.b.hasan in C:\DEV\TUT\springboot-blog-rest-api)
2023-05-09T20:10:28.853+0900 INFO The following 1 profile is active: "test"
2023-05-09T20:10:32.657+0900 INFO Started PostRepositoryTests in 4.196 seconds (process running for 6.048)
2023-05-09T20:10:53.881+0900 INFO Starting PostRepositoryTests using Java 17.0.6 with PID 32 (started by ts-mahmudul.b.hasan in C:\DEV\TUT\springboot-blog-rest-api)
2023-05-09T20:10:53.887+0900 INFO The following 1 profile is active: "test"
2023-05-09T20:10:58.136+0900 INFO Started PostRepositoryTests in 4.734 seconds (process running for 6.639)
2023-05-09T20:16:45.085+0900 INFO Starting PostRepositoryTests using Java 17.0.6 with PID 24260 (started by ts-mahmudul.b.hasan in C:\DEV\TUT\springboot-blog-rest-api)
2023-05-09T20:16:45.091+0900 INFO The following 1 profile is active: "test"
2023-05-09T20:16:48.580+0900 INFO Started PostRepositoryTests in 3.845 seconds (process running for 5.43)
2023-05-09T20:21:01.494+0900 INFO Starting PostRepositoryTests using Java 17.0.6 with PID 4012 (started by ts-mahmudul.b.hasan in C:\DEV\TUT\springboot-blog-rest-api)
2023-05-09T20:21:01.501+0900 INFO The following 1 profile is active: "test"
2023-05-09T20:21:05.108+0900 INFO Started PostRepositoryTests in 3.996 seconds (process running for 5.687)
2023-05-09T20:21:24.195+0900 INFO Starting PostRepositoryTests using Java 17.0.6 with PID 12060 (started by ts-mahmudul.b.hasan in C:\DEV\TUT\springboot-blog-rest-api)
2023-05-09T20:21:24.200+0900 INFO The following 1 profile is active: "test"
2023-05-09T20:21:27.825+0900 INFO Started PostRepositoryTests in 4.015 seconds (process running for 5.722)
2023-05-11T08:41:40.093+0900 INFO Starting PostRepositoryTests using Java 17.0.6 with PID 15908 (started by ts-mahmudul.b.hasan in C:\DEV\TUT\springboot-blog-rest-api)
2023-05-11T08:41:40.100+0900 INFO The following 1 profile is active: "test"
2023-05-11T08:41:43.769+0900 INFO Started PostRepositoryTests in 4.102 seconds (process running for 5.897)
2023-05-11T08:42:11.446+0900 INFO Starting PostRepositoryTests using Java 17.0.6 with PID 24636 (started by ts-mahmudul.b.hasan in C:\DEV\TUT\springboot-blog-rest-api)
2023-05-11T08:42:11.451+0900 INFO The following 1 profile is active: "test"
2023-05-11T08:42:14.884+0900 INFO Started PostRepositoryTests in 3.832 seconds (process running for 5.42)
2023-05-12T11:54:32.509+0900 INFO Starting SpringbootBlogRestApiApplication using Java 17.0.6 with PID 14652 (C:\DEV\TUT\springboot-blog-rest-api\target\classes started by ts-mahmudul.b.hasan in C:\DEV\TUT\springboot-blog-rest-api)
