2023-05-12T11:54:32.524+0900 INFO The following 1 profile is active: "test"
2023-05-12T11:55:07.686+0900 INFO Starting SpringbootBlogRestApiApplication using Java 17.0.6 with PID 21020 (C:\DEV\TUT\springboot-blog-rest-api\target\classes started by ts-mahmudul.b.hasan in C:\DEV\TUT\springboot-blog-rest-api)
2023-05-12T11:55:07.696+0900 INFO The following 1 profile is active: "dev"
2023-05-12T11:56:35.298+0900 INFO Starting SpringbootBlogRestApiApplication using Java 17.0.6 with PID 21336 (C:\DEV\TUT\springboot-blog-rest-api\target\classes started by ts-mahmudul.b.hasan in C:\DEV\TUT\springboot-blog-rest-api)
2023-05-12T11:56:35.329+0900 INFO The following 1 profile is active: "dev"
2023-05-12T11:56:50.640+0900 INFO Started SpringbootBlogRestApiApplication in 16.783 seconds (process running for 19.395)
2023-05-12T11:57:12.179+0900 INFO Method: POST --- Path: /api/v1/auth/login --- Header: org.springframework.security.web.firewall.StrictHttpFirewall$StrictFirewalledRequest$2@4cd180e7 --- Request Body: {"usernameOrEmail":"admin@gmail.com","password":"admin123"}
2023-05-12T11:58:03.850+0900 INFO Method: GET --- Path: /api/v1/posts --- Header: org.springframework.security.web.firewall.StrictHttpFirewall$StrictFirewalledRequest$2@573387cb
2023-05-12T12:00:18.722+0900 INFO Starting SpringbootBlogRestApiApplication using Java 17.0.6 with PID 22924 (C:\DEV\TUT\springboot-blog-rest-api\target\classes started by ts-mahmudul.b.hasan in C:\DEV\TUT\springboot-blog-rest-api)
2023-05-12T12:00:18.730+0900 INFO The following 1 profile is active: "dev"
2023-05-12T12:00:38.153+0900 INFO Started SpringbootBlogRestApiApplication in 20.262 seconds (process running for 22.855)
2023-05-12T12:00:52.937+0900 INFO Method: GET --- Path: /api/v1/posts --- Header: org.springframework.security.web.firewall.StrictHttpFirewall$StrictFirewalledRequest$2@2a2d03d
2023-05-12T12:06:16.991+0900 INFO Starting SpringbootBlogRestApiApplication using Java 17.0.6 with PID 4040 (C:\DEV\TUT\springboot-blog-rest-api\target\classes started by ts-mahmudul.b.hasan in C:\DEV\TUT\springboot-blog-rest-api)
2023-05-12T12:06:17.004+0900 INFO The following 1 profile is active: "dev"
2023-05-12T12:06:32.817+0900 INFO Started SpringbootBlogRestApiApplication in 16.637 seconds (process running for 18.503)
2023-05-12T12:22:43.325+0900 INFO Method: GET --- Path: /api/v1/posts --- Header: org.springframework.security.web.firewall.StrictHttpFirewall$StrictFirewalledRequest$2@4ac7907c
2023-05-12T12:24:49.590+0900 INFO Starting SpringbootBlogRestApiApplication using Java 17.0.6 with PID 288 (C:\DEV\TUT\springboot-blog-rest-api\target\classes started by ts-mahmudul.b.hasan in C:\DEV\TUT\springboot-blog-rest-api)
2023-05-12T12:24:49.608+0900 INFO The following 1 profile is active: "dev"
2023-05-12T12:25:01.998+0900 INFO Started SpringbootBlogRestApiApplication in 13.509 seconds (process running for 15.996)
2023-05-12T12:25:16.312+0900 INFO Method: GET --- Path: /api/v1/posts --- Header: org.springframework.security.web.firewall.StrictHttpFirewall$StrictFirewalledRequest$2@5d58ef7
2023-05-12T21:26:00.809+0900 INFO Starting PostRepositoryTests using Java 17.0.6 with PID 23204 (started by ts-mahmudul.b.hasan in C:\DEV\TUT\springboot-blog-rest-api)
2023-05-12T21:26:00.817+0900 INFO The following 1 profile is active: "test"
2023-05-12T21:26:04.685+0900 INFO Started PostRepositoryTests in 4.329 seconds (process running for 6.39)
2023-05-13T21:01:01.897+0900 INFO Starting PostControllerTests using Java 17.0.6 with PID 18760 (started by ts-mahmudul.b.hasan in C:\DEV\TUT\springboot-blog-rest-api)
2023-05-13T21:01:01.903+0900 INFO The following 1 profile is active: "test"
2023-05-13T22:01:41.439+0900 INFO Starting PostControllerTests using Java 17.0.6 with PID 26416 (started by ts-mahmudul.b.hasan in C:\DEV\TUT\springboot-blog-rest-api)
2023-05-13T22:01:41.449+0900 INFO The following 1 profile is active: "test"
2023-05-13T22:02:04.633+0900 INFO Starting PostControllerTests using Java 17.0.6 with PID 23140 (started by ts-mahmudul.b.hasan in C:\DEV\TUT\springboot-blog-rest-api)
2023-05-13T22:02:04.648+0900 INFO The following 1 profile is active: "test"
2023-05-13T23:05:31.649+0900 INFO Starting PostControllerTests using Java 17.0.6 with PID 19032 (started by ts-mahmudul.b.hasan in C:\DEV\TUT\springboot-blog-rest-api)
2023-05-13T23:05:31.657+0900 INFO The following 1 profile is active: "test"
2023-05-13T23:13:06.351+0900 INFO Starting PostControllerTests using Java 17.0.6 with PID 2300 (started by ts-mahmudul.b.hasan in C:\DEV\TUT\springboot-blog-rest-api)
2023-05-13T23:13:06.354+0900 INFO The following 1 profile is active: "test"
2023-05-13T23:13:52.300+0900 INFO Starting PostControllerTests using Java 17.0.6 with PID 28732 (started by ts-mahmudul.b.hasan in C:\DEV\TUT\springboot-blog-rest-api)
2023-05-13T23:13:52.303+0900 INFO The following 1 profile is active: "test"
2023-05-13T23:14:42.294+0900 INFO Starting PostControllerTests using Java 17.0.6 with PID 29276 (started by ts-mahmudul.b.hasan in C:\DEV\TUT\springboot-blog-rest-api)
2023-05-13T23:14:42.297+0900 INFO The following 1 profile is active: "test"
2023-05-13T23:15:13.769+0900 INFO Starting PostControllerTests using Java 17.0.6 with PID 11308 (started by ts-mahmudul.b.hasan in C:\DEV\TUT\springboot-blog-rest-api)
2023-05-13T23:15:13.772+0900 INFO The following 1 profile is active: "test"
2023-05-14T01:08:13.696+0900 INFO Starting PostControllerTests using Java 17.0.6 with PID 12340 (started by ts-mahmudul.b.hasan in C:\DEV\TUT\springboot-blog-rest-api)
2023-05-14T01:08:13.700+0900 INFO The following 1 profile is active: "test"
2023-05-14T15:52:00.542+0900 INFO Starting PostControllerTests using Java 17.0.6 with PID 20952 (started by ts-mahmudul.b.hasan in C:\DEV\TUT\springboot-blog-rest-api)
2023-05-14T15:52:00.550+0900 INFO The following 1 profile is active: "test"
2023-05-14T15:52:36.973+0900 INFO Starting PostControllerTests using Java 17.0.6 with PID 24656 (started by ts-mahmudul.b.hasan in C:\DEV\TUT\springboot-blog-rest-api)
2023-05-14T15:52:36.982+0900 INFO The following 1 profile is active: "test"
2023-05-14T16:50:19.201+0900 INFO Starting PostControllerTests using Java 17.0.6 with PID 21740 (started by ts-mahmudul.b.hasan in C:\DEV\TUT\springboot-blog-rest-api)
2023-05-14T16:50:19.209+0900 INFO The following 1 profile is active: "test"
2023-05-14T17:20:29.881+0900 INFO Starting PostControllerTests using Java 17.0.6 with PID 6160 (started by ts-mahmudul.b.hasan in C:\DEV\TUT\springboot-blog-rest-api)
2023-05-14T17:20:29.889+0900 INFO The following 1 profile is active: "test"
2023-05-14T17:21:57.273+0900 INFO Starting PostControllerTests using Java 17.0.6 with PID 26460 (started by ts-mahmudul.b.hasan in C:\DEV\TUT\springboot-blog-rest-api)
2023-05-14T17:21:57.281+0900 INFO The following 1 profile is active: "test"
2023-05-14T17:28:39.909+0900 INFO Starting PostControllerTests using Java 17.0.6 with PID 27016 (started by ts-mahmudul.b.hasan in C:\DEV\TUT\springboot-blog-rest-api)
2023-05-14T17:28:39.918+0900 INFO The following 1 profile is active: "test"
2023-05-14T17:30:51.995+0900 INFO Starting PostControllerTests using Java 17.0.6 with PID 27928 (started by ts-mahmudul.b.hasan in C:\DEV\TUT\springboot-blog-rest-api)
2023-05-14T17:30:52.005+0900 INFO The following 1 profile is active: "test"
2023-05-14T19:16:27.648+0900 INFO Starting PostControllerTests using Java 17.0.6 with PID 9796 (started by ts-mahmudul.b.hasan in C:\DEV\TUT\springboot-blog-rest-api)
2023-05-14T19:16:27.654+0900 INFO The following 1 profile is active: "test"
2023-05-14T19:17:42.500+0900 INFO Starting PostControllerTests using Java 17.0.6 with PID 3116 (started by ts-mahmudul.b.hasan in C:\DEV\TUT\springboot-blog-rest-api)
2023-05-14T19:17:42.507+0900 INFO The following 1 profile is active: "test"
2023-05-14T19:18:49.381+0900 INFO Starting PostControllerTests using Java 17.0.6 with PID 24096 (started by ts-mahmudul.b.hasan in C:\DEV\TUT\springboot-blog-rest-api)
2023-05-14T19:18:49.387+0900 INFO The following 1 profile is active: "test"
2023-05-14T19:24:09.602+0900 INFO Starting PostControllerTests using Java 17.0.6 with PID 14036 (started by ts-mahmudul.b.hasan in C:\DEV\TUT\springboot-blog-rest-api)
2023-05-14T19:24:09.609+0900 INFO The following 1 profile is active: "test"
2023-05-14T19:26:04.407+0900 INFO Starting PostControllerTests using Java 17.0.6 with PID 19036 (started by ts-mahmudul.b.hasan in C:\DEV\TUT\springboot-blog-rest-api)
2023-05-14T19:26:04.413+0900 INFO The following 1 profile is active: "test"
2023-05-14T19:26:50.066+0900 INFO Starting PostControllerTests using Java 17.0.6 with PID 23520 (started by ts-mahmudul.b.hasan in C:\DEV\TUT\springboot-blog-rest-api)
2023-05-14T19:26:50.074+0900 INFO The following 1 profile is active: "test"
2023-05-14T19:40:35.015+0900 INFO Starting PostControllerTests using Java 17.0.6 with PID 15184 (started by ts-mahmudul.b.hasan in C:\DEV\TUT\springboot-blog-rest-api)
2023-05-14T19:40:35.022+0900 INFO The following 1 profile is active: "test"
2023-05-14T19:40:38.431+0900 INFO Started PostControllerTests in 3.831 seconds (process running for 5.6)
2023-05-14T19:46:47.878+0900 INFO Starting PostControllerTests using Java 17.0.6 with PID 21896 (started by ts-mahmudul.b.hasan in C:\DEV\TUT\springboot-blog-rest-api)
2023-05-14T19:46:47.882+0900 INFO The following 1 profile is active: "test"
2023-05-14T19:46:50.882+0900 INFO Started PostControllerTests in 3.388 seconds (process running for 5.067)
2023-05-14T21:52:18.043+0900 INFO Starting PostControllerTests using Java 17.0.6 with PID 18160 (started by ts-mahmudul.b.hasan in C:\DEV\TUT\springboot-blog-rest-api)
2023-05-14T21:52:18.051+0900 INFO The following 1 profile is active: "test"
2023-05-14T21:52:22.546+0900 INFO Started PostControllerTests in 4.904 seconds (process running for 6.843)
2023-05-14T23:07:11.961+0900 INFO Starting PostControllerTests using Java 17.0.6 with PID 2272 (started by ts-mahmudul.b.hasan in C:\DEV\TUT\springboot-blog-rest-api)
2023-05-14T23:07:11.969+0900 INFO The following 1 profile is active: "test"
2023-05-14T23:07:14.932+0900 INFO Started PostControllerTests in 3.351 seconds (process running for 5.101)
